admin/build/intermediates/manifest_merge_blame_file/debug/manifest-merger-blame-debug-report.txt
1<?xml version="1.0" encoding="utf-8"?>
2<manifest xmlns:android="http://schemas.android.com/apk/res/android"
3    package="com.lucky.smartclinicadmin"
4    android:versionCode="1"
5    android:versionName="1.0" >
6
7    <uses-sdk
8        android:minSdkVersion="24"
8-->src\main\AndroidManifest.xml
9        android:targetSdkVersion="30" />
9-->src\main\AndroidManifest.xml
10
11    <uses-permission android:name="android.permission.INTERNET" />
11-->[com.google.firebase:firebase-auth:20.0.1] AndroidManifest.xml:23:5-67
11-->[com.google.firebase:firebase-auth:20.0.1] AndroidManifest.xml:23:22-64
12    <uses-permission android:name="android.permission.ACCESS_NETWORK_STATE" />
12-->[com.google.firebase:firebase-auth:20.0.1] AndroidManifest.xml:24:5-79
12-->[com.google.firebase:firebase-auth:20.0.1] AndroidManifest.xml:24:22-76
13    <uses-permission android:name="android.permission.WAKE_LOCK" />
13-->[com.google.android.gms:play-services-measurement:18.0.0] AndroidManifest.xml:25:5-68
13-->[com.google.android.gms:play-services-measurement:18.0.0] AndroidManifest.xml:25:22-65
14    <uses-permission android:name="com.google.android.finsky.permission.BIND_GET_INSTALL_REFERRER_SERVICE" /> <!-- Required by older versions of Google Play services to create IID tokens -->
14-->[com.google.android.gms:play-services-measurement:18.0.0] AndroidManifest.xml:26:5-110
14-->[com.google.android.gms:play-services-measurement:18.0.0] AndroidManifest.xml:26:22-107
15    <uses-permission android:name="com.google.android.c2dm.permission.RECEIVE" />
15-->[com.google.firebase:firebase-iid:21.0.1] AndroidManifest.xml:26:5-82
15-->[com.google.firebase:firebase-iid:21.0.1] AndroidManifest.xml:26:22-79
16
17    <application
17-->src\main\AndroidManifest.xml:5:5-16:19
18        android:allowBackup="true"
18-->src\main\AndroidManifest.xml:6:9-35
19        android:appComponentFactory="androidx.core.app.CoreComponentFactory"
19-->[androidx.core:core:1.3.2] AndroidManifest.xml:24:18-86
20        android:debuggable="true"
21        android:extractNativeLibs="false"
22        android:icon="@drawable/ic_admin"
22-->src\main\AndroidManifest.xml:7:9-42
23        android:label="@string/app_name"
23-->src\main\AndroidManifest.xml:8:9-41
24        android:theme="@style/Theme.SmartClinicAdmin.NoActionBar" >
24-->src\main\AndroidManifest.xml:9:9-66
25        <activity android:name="com.lucky.smartclinicadmin.ui.activities.MainActivity" >
25-->src\main\AndroidManifest.xml:10:9-15:20
25-->src\main\AndroidManifest.xml:10:19-61
26            <intent-filter>
26-->src\main\AndroidManifest.xml:11:13-14:29
27                <action android:name="android.intent.action.MAIN" />
27-->src\main\AndroidManifest.xml:12:17-69
27-->src\main\AndroidManifest.xml:12:25-66
28
29                <category android:name="android.intent.category.LAUNCHER" />
29-->src\main\AndroidManifest.xml:13:17-77
29-->src\main\AndroidManifest.xml:13:27-74
30            </intent-filter>
31        </activity>
32        <activity
32-->[com.google.firebase:firebase-auth:20.0.1] AndroidManifest.xml:27:9-44:20
33            android:name="com.google.firebase.auth.internal.GenericIdpActivity"
33-->[com.google.firebase:firebase-auth:20.0.1] AndroidManifest.xml:28:13-80
34            android:excludeFromRecents="true"
34-->[com.google.firebase:firebase-auth:20.0.1] AndroidManifest.xml:29:13-46
35            android:exported="true"
35-->[com.google.firebase:firebase-auth:20.0.1] AndroidManifest.xml:30:13-36
36            android:launchMode="singleTask"
36-->[com.google.firebase:firebase-auth:20.0.1] AndroidManifest.xml:31:13-44
37            android:theme="@android:style/Theme.Translucent.NoTitleBar" >
37-->[com.google.firebase:firebase-auth:20.0.1] AndroidManifest.xml:32:13-72
38            <intent-filter>
38-->[com.google.firebase:firebase-auth:20.0.1] AndroidManifest.xml:33:13-43:29
39                <action android:name="android.intent.action.VIEW" />
39-->[com.google.firebase:firebase-auth:20.0.1] AndroidManifest.xml:34:17-69
39-->[com.google.firebase:firebase-auth:20.0.1] AndroidManifest.xml:34:25-66
40
41                <category android:name="android.intent.category.DEFAULT" />
41-->[com.google.firebase:firebase-auth:20.0.1] AndroidManifest.xml:36:17-76
41-->[com.google.firebase:firebase-auth:20.0.1] AndroidManifest.xml:36:27-73
42                <category android:name="android.intent.category.BROWSABLE" />
42-->[com.google.firebase:firebase-auth:20.0.1] AndroidManifest.xml:37:17-78
42-->[com.google.firebase:firebase-auth:20.0.1] AndroidManifest.xml:37:27-75
43
44                <data
44-->[com.google.firebase:firebase-auth:20.0.1] AndroidManifest.xml:39:17-42:51
45                    android:host="firebase.auth"
45-->[com.google.firebase:firebase-auth:20.0.1] AndroidManifest.xml:40:21-49
46                    android:path="/"
46-->[com.google.firebase:firebase-auth:20.0.1] AndroidManifest.xml:41:21-37
47                    android:scheme="genericidp" />
47-->[com.google.firebase:firebase-auth:20.0.1] AndroidManifest.xml:42:21-48
48            </intent-filter>
49        </activity>
50        <activity
50-->[com.google.firebase:firebase-auth:20.0.1] AndroidManifest.xml:45:9-62:20
51            android:name="com.google.firebase.auth.internal.RecaptchaActivity"
51-->[com.google.firebase:firebase-auth:20.0.1] AndroidManifest.xml:46:13-79
52            android:excludeFromRecents="true"
52-->[com.google.firebase:firebase-auth:20.0.1] AndroidManifest.xml:47:13-46
53            android:exported="true"
53-->[com.google.firebase:firebase-auth:20.0.1] AndroidManifest.xml:48:13-36
54            android:launchMode="singleTask"
54-->[com.google.firebase:firebase-auth:20.0.1] AndroidManifest.xml:49:13-44
55            android:theme="@android:style/Theme.Translucent.NoTitleBar" >
55-->[com.google.firebase:firebase-auth:20.0.1] AndroidManifest.xml:50:13-72
56            <intent-filter>
56-->[com.google.firebase:firebase-auth:20.0.1] AndroidManifest.xml:51:13-61:29
57                <action android:name="android.intent.action.VIEW" />
57-->[com.google.firebase:firebase-auth:20.0.1] AndroidManifest.xml:34:17-69
57-->[com.google.firebase:firebase-auth:20.0.1] AndroidManifest.xml:34:25-66
58
59                <category android:name="android.intent.category.DEFAULT" />
59-->[com.google.firebase:firebase-auth:20.0.1] AndroidManifest.xml:36:17-76
59-->[com.google.firebase:firebase-auth:20.0.1] AndroidManifest.xml:36:27-73
60                <category android:name="android.intent.category.BROWSABLE" />
60-->[com.google.firebase:firebase-auth:20.0.1] AndroidManifest.xml:37:17-78
60-->[com.google.firebase:firebase-auth:20.0.1] AndroidManifest.xml:37:27-75
61
62                <data
62-->[com.google.firebase:firebase-auth:20.0.1] AndroidManifest.xml:39:17-42:51
63                    android:host="firebase.auth"
63-->[com.google.firebase:firebase-auth:20.0.1] AndroidManifest.xml:40:21-49
64                    android:path="/"
64-->[com.google.firebase:firebase-auth:20.0.1] AndroidManifest.xml:41:21-37
65                    android:scheme="recaptcha" />
65-->[com.google.firebase:firebase-auth:20.0.1] AndroidManifest.xml:42:21-48
66            </intent-filter>
67        </activity>
68
69        <service
69-->[com.google.firebase:firebase-auth:20.0.1] AndroidManifest.xml:64:9-73:19
70            android:name="com.google.firebase.auth.api.fallback.service.FirebaseAuthFallbackService"
70-->[com.google.firebase:firebase-auth:20.0.1] AndroidManifest.xml:65:13-101
71            android:enabled="true"
71-->[com.google.firebase:firebase-auth:20.0.1] AndroidManifest.xml:66:13-35
72            android:exported="false" >
72-->[com.google.firebase:firebase-auth:20.0.1] AndroidManifest.xml:67:13-37
73            <intent-filter>
73-->[com.google.firebase:firebase-auth:20.0.1] AndroidManifest.xml:68:13-72:29
74                <action android:name="com.google.firebase.auth.api.gms.service.START" />
74-->[com.google.firebase:firebase-auth:20.0.1] AndroidManifest.xml:69:17-89
74-->[com.google.firebase:firebase-auth:20.0.1] AndroidManifest.xml:69:25-86
75
76                <category android:name="android.intent.category.DEFAULT" />
76-->[com.google.firebase:firebase-auth:20.0.1] AndroidManifest.xml:36:17-76
76-->[com.google.firebase:firebase-auth:20.0.1] AndroidManifest.xml:36:27-73
77            </intent-filter>
78        </service>
79        <service
79-->[com.google.firebase:firebase-auth:20.0.1] AndroidManifest.xml:74:9-80:19
80            android:name="com.google.firebase.components.ComponentDiscoveryService"
80-->[com.google.firebase:firebase-auth:20.0.1] AndroidManifest.xml:75:13-84
81            android:directBootAware="true"
81-->[com.google.firebase:firebase-common:19.5.0] AndroidManifest.xml:35:13-43
82            android:exported="false" >
82-->[com.google.firebase:firebase-auth:20.0.1] AndroidManifest.xml:76:13-37
83            <meta-data
83-->[com.google.firebase:firebase-auth:20.0.1] AndroidManifest.xml:77:13-79:85
84                android:name="com.google.firebase.components:com.google.firebase.auth.FirebaseAuthRegistrar"
84-->[com.google.firebase:firebase-auth:20.0.1] AndroidManifest.xml:78:17-109
85                android:value="com.google.firebase.components.ComponentRegistrar" />
85-->[com.google.firebase:firebase-auth:20.0.1] AndroidManifest.xml:79:17-82
86            <meta-data
86-->[com.google.firebase:firebase-firestore-ktx:22.0.1] AndroidManifest.xml:15:13-17:85
87                android:name="com.google.firebase.components:com.google.firebase.firestore.ktx.FirebaseFirestoreKtxRegistrar"
87-->[com.google.firebase:firebase-firestore-ktx:22.0.1] AndroidManifest.xml:16:17-126
88                android:value="com.google.firebase.components.ComponentRegistrar" />
88-->[com.google.firebase:firebase-firestore-ktx:22.0.1] AndroidManifest.xml:17:17-82
89            <meta-data
89-->[com.google.firebase:firebase-storage:19.2.1] AndroidManifest.xml:33:13-35:85
90                android:name="com.google.firebase.components:com.google.firebase.storage.StorageRegistrar"
90-->[com.google.firebase:firebase-storage:19.2.1] AndroidManifest.xml:34:17-107
91                android:value="com.google.firebase.components.ComponentRegistrar" />
91-->[com.google.firebase:firebase-storage:19.2.1] AndroidManifest.xml:35:17-82
92            <meta-data
92-->[com.google.firebase:firebase-messaging:21.0.1] AndroidManifest.xml:39:13-41:85
93                android:name="com.google.firebase.components:com.google.firebase.messaging.FirebaseMessagingRegistrar"
93-->[com.google.firebase:firebase-messaging:21.0.1] AndroidManifest.xml:40:17-119
94                android:value="com.google.firebase.components.ComponentRegistrar" />
94-->[com.google.firebase:firebase-messaging:21.0.1] AndroidManifest.xml:41:17-82
95            <meta-data
95-->[com.google.firebase:firebase-common-ktx:19.5.0] AndroidManifest.xml:15:13-17:85
96                android:name="com.google.firebase.components:com.google.firebase.ktx.FirebaseCommonKtxRegistrar"
96-->[com.google.firebase:firebase-common-ktx:19.5.0] AndroidManifest.xml:16:17-113
97                android:value="com.google.firebase.components.ComponentRegistrar" />
97-->[com.google.firebase:firebase-common-ktx:19.5.0] AndroidManifest.xml:17:17-82
98            <meta-data
98-->[com.google.firebase:firebase-iid:21.0.1] AndroidManifest.xml:32:13-34:85
99                android:name="com.google.firebase.components:com.google.firebase.iid.Registrar"
99-->[com.google.firebase:firebase-iid:21.0.1] AndroidManifest.xml:33:17-96
100                android:value="com.google.firebase.components.ComponentRegistrar" />
100-->[com.google.firebase:firebase-iid:21.0.1] AndroidManifest.xml:34:17-82
101            <meta-data
101-->[com.google.firebase:firebase-firestore:22.0.1] AndroidManifest.xml:20:13-22:85
102                android:name="com.google.firebase.components:com.google.firebase.firestore.FirestoreRegistrar"
102-->[com.google.firebase:firebase-firestore:22.0.1] AndroidManifest.xml:21:17-111
103                android:value="com.google.firebase.components.ComponentRegistrar" />
103-->[com.google.firebase:firebase-firestore:22.0.1] AndroidManifest.xml:22:17-82
104            <meta-data
104-->[com.google.android.gms:play-services-measurement-api:18.0.0] AndroidManifest.xml:30:13-32:85
105                android:name="com.google.firebase.components:com.google.firebase.analytics.connector.internal.AnalyticsConnectorRegistrar"
105-->[com.google.android.gms:play-services-measurement-api:18.0.0] AndroidManifest.xml:31:17-139
106                android:value="com.google.firebase.components.ComponentRegistrar" />
106-->[com.google.android.gms:play-services-measurement-api:18.0.0] AndroidManifest.xml:32:17-82
107            <meta-data
107-->[com.google.firebase:firebase-datatransport:17.0.10] AndroidManifest.xml:28:13-30:85
108                android:name="com.google.firebase.components:com.google.firebase.datatransport.TransportRegistrar"
108-->[com.google.firebase:firebase-datatransport:17.0.10] AndroidManifest.xml:29:17-115
109                android:value="com.google.firebase.components.ComponentRegistrar" />
109-->[com.google.firebase:firebase-datatransport:17.0.10] AndroidManifest.xml:30:17-82
110            <meta-data
110-->[com.google.firebase:firebase-installations:16.3.5] AndroidManifest.xml:18:13-20:85
111                android:name="com.google.firebase.components:com.google.firebase.installations.FirebaseInstallationsRegistrar"
111-->[com.google.firebase:firebase-installations:16.3.5] AndroidManifest.xml:19:17-127
112                android:value="com.google.firebase.components.ComponentRegistrar" />
112-->[com.google.firebase:firebase-installations:16.3.5] AndroidManifest.xml:20:17-82
113            <!--
114                This registrar is not defined in the dynamic-module-support sdk itself to allow non-firebase
115                clients to use it as well, by defining this registrar in their own core/common library.
116            -->
117            <meta-data
117-->[com.google.firebase:firebase-common:19.5.0] AndroidManifest.xml:43:13-45:85
118                android:name="com.google.firebase.components:com.google.firebase.dynamicloading.DynamicLoadingRegistrar"
118-->[com.google.firebase:firebase-common:19.5.0] AndroidManifest.xml:44:17-121
119                android:value="com.google.firebase.components.ComponentRegistrar" />
119-->[com.google.firebase:firebase-common:19.5.0] AndroidManifest.xml:45:17-82
120        </service>
121        <!--
122             FirebaseMessagingService performs security checks at runtime,
123             but set to not exported to explicitly avoid allowing another app to call it.
124        -->
125        <service
125-->[com.google.firebase:firebase-messaging:21.0.1] AndroidManifest.xml:28:9-35:19
126            android:name="com.google.firebase.messaging.FirebaseMessagingService"
126-->[com.google.firebase:firebase-messaging:21.0.1] AndroidManifest.xml:29:13-82
127            android:directBootAware="true"
127-->[com.google.firebase:firebase-messaging:21.0.1] AndroidManifest.xml:30:13-43
128            android:exported="false" >
128-->[com.google.firebase:firebase-messaging:21.0.1] AndroidManifest.xml:31:13-37
129            <intent-filter android:priority="-500" >
129-->[com.google.firebase:firebase-messaging:21.0.1] AndroidManifest.xml:32:13-34:29
129-->[com.google.firebase:firebase-messaging:21.0.1] AndroidManifest.xml:32:28-51
130                <action android:name="com.google.firebase.MESSAGING_EVENT" />
130-->[com.google.firebase:firebase-messaging:21.0.1] AndroidManifest.xml:33:17-78
130-->[com.google.firebase:firebase-messaging:21.0.1] AndroidManifest.xml:33:25-75
131            </intent-filter>
132        </service>
133
134        <receiver
134-->[com.google.android.gms:play-services-measurement:18.0.0] AndroidManifest.xml:29:9-33:20
135            android:name="com.google.android.gms.measurement.AppMeasurementReceiver"
135-->[com.google.android.gms:play-services-measurement:18.0.0] AndroidManifest.xml:30:13-85
136            android:enabled="true"
136-->[com.google.android.gms:play-services-measurement:18.0.0] AndroidManifest.xml:31:13-35
137            android:exported="false" >
137-->[com.google.android.gms:play-services-measurement:18.0.0] AndroidManifest.xml:32:13-37
138        </receiver>
139
140        <service
140-->[com.google.android.gms:play-services-measurement:18.0.0] AndroidManifest.xml:35:9-38:40
141            android:name="com.google.android.gms.measurement.AppMeasurementService"
141-->[com.google.android.gms:play-services-measurement:18.0.0] AndroidManifest.xml:36:13-84
142            android:enabled="true"
142-->[com.google.android.gms:play-services-measurement:18.0.0] AndroidManifest.xml:37:13-35
143            android:exported="false" />
143-->[com.google.android.gms:play-services-measurement:18.0.0] AndroidManifest.xml:38:13-37
144        <service
144-->[com.google.android.gms:play-services-measurement:18.0.0] AndroidManifest.xml:39:9-43:72
145            android:name="com.google.android.gms.measurement.AppMeasurementJobService"
145-->[com.google.android.gms:play-services-measurement:18.0.0] AndroidManifest.xml:40:13-87
146            android:enabled="true"
146-->[com.google.android.gms:play-services-measurement:18.0.0] AndroidManifest.xml:41:13-35
147            android:exported="false"
147-->[com.google.android.gms:play-services-measurement:18.0.0] AndroidManifest.xml:42:13-37
148            android:permission="android.permission.BIND_JOB_SERVICE" />
148-->[com.google.android.gms:play-services-measurement:18.0.0] AndroidManifest.xml:43:13-69
149
150        <receiver
150-->[com.google.firebase:firebase-iid:21.0.1] AndroidManifest.xml:37:9-44:20
151            android:name="com.google.firebase.iid.FirebaseInstanceIdReceiver"
151-->[com.google.firebase:firebase-iid:21.0.1] AndroidManifest.xml:38:13-78
152            android:exported="true"
152-->[com.google.firebase:firebase-iid:21.0.1] AndroidManifest.xml:39:13-36
153            android:permission="com.google.android.c2dm.permission.SEND" >
153-->[com.google.firebase:firebase-iid:21.0.1] AndroidManifest.xml:40:13-73
154            <intent-filter>
154-->[com.google.firebase:firebase-iid:21.0.1] AndroidManifest.xml:41:13-43:29
155                <action android:name="com.google.android.c2dm.intent.RECEIVE" />
155-->[com.google.firebase:firebase-iid:21.0.1] AndroidManifest.xml:42:17-81
155-->[com.google.firebase:firebase-iid:21.0.1] AndroidManifest.xml:42:25-78
156            </intent-filter>
157        </receiver>
158
159        <activity
159-->[com.google.android.gms:play-services-base:17.1.0] AndroidManifest.xml:23:9-26:75
160            android:name="com.google.android.gms.common.api.GoogleApiActivity"
160-->[com.google.android.gms:play-services-base:17.1.0] AndroidManifest.xml:24:13-79
161            android:exported="false"
161-->[com.google.android.gms:play-services-base:17.1.0] AndroidManifest.xml:25:13-37
162            android:theme="@android:style/Theme.Translucent.NoTitleBar" />
162-->[com.google.android.gms:play-services-base:17.1.0] AndroidManifest.xml:26:13-72
163
164        <provider
164-->[com.google.firebase:firebase-common:19.5.0] AndroidManifest.xml:26:9-31:39
165            android:name="com.google.firebase.provider.FirebaseInitProvider"
165-->[com.google.firebase:firebase-common:19.5.0] AndroidManifest.xml:27:13-77
166            android:authorities="com.lucky.smartclinicadmin.firebaseinitprovider"
166-->[com.google.firebase:firebase-common:19.5.0] AndroidManifest.xml:28:13-72
167            android:directBootAware="true"
167-->[com.google.firebase:firebase-common:19.5.0] AndroidManifest.xml:29:13-43
168            android:exported="false"
168-->[com.google.firebase:firebase-common:19.5.0] AndroidManifest.xml:30:13-37
169            android:initOrder="100" />
169-->[com.google.firebase:firebase-common:19.5.0] AndroidManifest.xml:31:13-36
170
171        <meta-data
171-->[com.google.android.gms:play-services-basement:17.1.0] AndroidManifest.xml:23:9-25:69
172            android:name="com.google.android.gms.version"
172-->[com.google.android.gms:play-services-basement:17.1.0] AndroidManifest.xml:24:13-58
173            android:value="@integer/google_play_services_version" />
173-->[com.google.android.gms:play-services-basement:17.1.0] AndroidManifest.xml:25:13-66
174
175        <service
175-->[com.google.android.datatransport:transport-backend-cct:2.3.3] AndroidManifest.xml:29:9-35:19
176            android:name="com.google.android.datatransport.runtime.backends.TransportBackendDiscovery"
176-->[com.google.android.datatransport:transport-backend-cct:2.3.3] AndroidManifest.xml:30:13-103
177            android:exported="false" >
177-->[com.google.android.datatransport:transport-backend-cct:2.3.3] AndroidManifest.xml:31:13-37
178            <meta-data
178-->[com.google.android.datatransport:transport-backend-cct:2.3.3] AndroidManifest.xml:32:13-34:39
179                android:name="backend:com.google.android.datatransport.cct.CctBackendFactory"
179-->[com.google.android.datatransport:transport-backend-cct:2.3.3] AndroidManifest.xml:33:17-94
180                android:value="cct" />
180-->[com.google.android.datatransport:transport-backend-cct:2.3.3] AndroidManifest.xml:34:17-36
181        </service>
182
183        <provider
183-->[androidx.lifecycle:lifecycle-process:2.2.0] AndroidManifest.xml:25:9-29:43
184            android:name="androidx.lifecycle.ProcessLifecycleOwnerInitializer"
184-->[androidx.lifecycle:lifecycle-process:2.2.0] AndroidManifest.xml:26:13-79
185            android:authorities="com.lucky.smartclinicadmin.lifecycle-process"
185-->[androidx.lifecycle:lifecycle-process:2.2.0] AndroidManifest.xml:27:13-69
186            android:exported="false"
186-->[androidx.lifecycle:lifecycle-process:2.2.0] AndroidManifest.xml:28:13-37
187            android:multiprocess="true" />
187-->[androidx.lifecycle:lifecycle-process:2.2.0] AndroidManifest.xml:29:13-40
188
189        <service
189-->[com.google.android.datatransport:transport-runtime:2.2.5] AndroidManifest.xml:26:9-30:19
190            android:name="com.google.android.datatransport.runtime.scheduling.jobscheduling.JobInfoSchedulerService"
190-->[com.google.android.datatransport:transport-runtime:2.2.5] AndroidManifest.xml:27:13-117
191            android:exported="false"
191-->[com.google.android.datatransport:transport-runtime:2.2.5] AndroidManifest.xml:28:13-37
192            android:permission="android.permission.BIND_JOB_SERVICE" >
192-->[com.google.android.datatransport:transport-runtime:2.2.5] AndroidManifest.xml:29:13-69
193        </service>
194
195        <receiver
195-->[com.google.android.datatransport:transport-runtime:2.2.5] AndroidManifest.xml:32:9-34:40
196            android:name="com.google.android.datatransport.runtime.scheduling.jobscheduling.AlarmManagerSchedulerBroadcastReceiver"
196-->[com.google.android.datatransport:transport-runtime:2.2.5] AndroidManifest.xml:33:13-132
197            android:exported="false" />
197-->[com.google.android.datatransport:transport-runtime:2.2.5] AndroidManifest.xml:34:13-37
198    </application>
199
200</manifest>